<?xml version="1.0" encoding="UTF-8"?>
<!-- Generated by org.testng.reporters.JUnitReportReporter -->
<testsuite hostname="DESKTOP-UDDQ95D" failures="0" tests="2" name="com.testnglearning.SampleTest" time="0.027" errors="0" timestamp="2024-08-16T22:34:21 IST" skipped="0">
  <testcase classname="com.testnglearning.SampleTest" name="test1" time="0.016"/>
  <testcase classname="com.testnglearning.SampleTest" name="test2" time="0.011"/>
</testsuite> <!-- com.testnglearning.SampleTest -->
