<?xml version="1.0" encoding="UTF-8"?>
<!-- Generated by org.testng.reporters.JUnitReportReporter -->
<testsuite hostname="DESKTOP-UDDQ95D" failures="0" tests="2" name="com.testnglearning.PriorityTest" time="0.017" errors="0" timestamp="2024-08-16T22:03:55 IST" skipped="0">
  <testcase classname="com.testnglearning.PriorityTest" name="testTwo" time="0.013"/>
  <testcase classname="com.testnglearning.PriorityTest" name="testOne" time="0.004"/>
</testsuite> <!-- com.testnglearning.PriorityTest -->
