<?xml version="1.0" encoding="UTF-8"?>
<!-- Generated by org.testng.reporters.JUnitReportReporter -->
<testsuite hostname="DESKTOP-UDDQ95D" failures="0" tests="3" name="com.testnglearning.InvocationCount" time="0.022" errors="0" timestamp="2024-08-16T22:16:06 IST" skipped="0">
  <testcase classname="com.testnglearning.InvocationCount" name="testOne" time="0.003"/>
  <testcase classname="com.testnglearning.InvocationCount" name="testOne" time="0.013"/>
  <testcase classname="com.testnglearning.InvocationCount" name="testOne" time="0.006"/>
</testsuite> <!-- com.testnglearning.InvocationCount -->
