<?xml version="1.0" encoding="UTF-8"?>
<!-- Generated by org.testng.reporters.JUnitReportReporter -->
<testsuite hostname="DESKTOP-UDDQ95D" failures="0" tests="2" name="com.testnglearning.DescriptionTest" time="0.016" errors="0" timestamp="2024-08-16T22:12:11 IST" skipped="0">
  <testcase classname="com.testnglearning.DescriptionTest" name="testTwo" time="0.003"/>
  <testcase classname="com.testnglearning.DescriptionTest" name="testOne" time="0.013"/>
</testsuite> <!-- com.testnglearning.DescriptionTest -->
