<?xml version="1.0" encoding="UTF-8"?>
<!-- Generated by org.testng.reporters.JUnitReportReporter -->
<testsuite hostname="DESKTOP-UDDQ95D" failures="0" tests="4" name="com.testng.enabled.DemoTest1" time="0.033" errors="0" timestamp="2024-08-17T15:16:07 IST" skipped="0">
  <testcase classname="com.testng.enabled.DemoTest1" name="test1" time="0.019"/>
  <testcase classname="com.testng.enabled.DemoTest1" name="test4" time="0.006"/>
  <testcase classname="com.testng.enabled.DemoTest1" name="test3" time="0.003"/>
  <testcase classname="com.testng.enabled.DemoTest1" name="test2" time="0.005"/>
</testsuite> <!-- com.testng.enabled.DemoTest1 -->
