<?xml version="1.0" encoding="UTF-8"?>
<!-- Generated by org.testng.reporters.JUnitReportReporter -->
<testsuite hostname="DESKTOP-UDDQ95D" failures="0" tests="3" name="com.testngpractice.FIrstTesngTestcase" time="0.024" errors="0" timestamp="2024-06-12T22:44:21 IST" skipped="0">
  <testcase classname="com.testngpractice.FIrstTesngTestcase" name="openapp" time="0.016"/>
  <system-out/>
  <testcase classname="com.testngpractice.FIrstTesngTestcase" name="login" time="0.002"/>
  <system-out/>
  <testcase classname="com.testngpractice.FIrstTesngTestcase" name="logout" time="0.006"/>
  <system-out/>
</testsuite> <!-- com.testngpractice.FIrstTesngTestcase -->
